::1 - - [22/Aug/2021:11:06:58 +0000] "POST /api/createAdmin HTTP/1.1" 400 36 "-" "PostmanRuntime/7.26.8"
::1 - - [22/Aug/2021:11:08:00 +0000] "POST /api/createAdmin HTTP/1.1" 201 15 "-" "PostmanRuntime/7.26.8"
::1 - - [22/Aug/2021:11:08:13 +0000] "POST /api/createAdmin HTTP/1.1" 200 21 "-" "PostmanRuntime/7.26.8"
::1 - - [22/Aug/2021:11:44:49 +0000] "POST /api/loginAdmin HTTP/1.1" 400 28 "-" "PostmanRuntime/7.26.8"
::1 - - [22/Aug/2021:11:50:41 +0000] "POST /api/loginAdmin HTTP/1.1" 200 37 "-" "PostmanRuntime/7.26.8"
::1 - - [22/Aug/2021:11:50:50 +0000] "POST /api/loginAdmin HTTP/1.1" 200 37 "-" "PostmanRuntime/7.26.8"
::1 - - [22/Aug/2021:11:50:55 +0000] "POST /api/loginAdmin HTTP/1.1" 200 37 "-" "PostmanRuntime/7.26.8"
::1 - - [22/Aug/2021:11:51:47 +0000] "POST /api/loginAdmin HTTP/1.1" 200 37 "-" "PostmanRuntime/7.26.8"
::1 - - [22/Aug/2021:11:51:56 +0000] "POST /api/loginAdmin HTTP/1.1" 200 37 "-" "PostmanRuntime/7.26.8"
::1 - - [22/Aug/2021:11:52:01 +0000] "POST /api/loginAdmin HTTP/1.1" 200 37 "-" "PostmanRuntime/7.26.8"
::1 - - [22/Aug/2021:11:52:02 +0000] "POST /api/loginAdmin HTTP/1.1" 200 37 "-" "PostmanRuntime/7.26.8"
::1 - - [22/Aug/2021:11:52:23 +0000] "POST /api/loginUser HTTP/1.1" 200 37 "-" "PostmanRuntime/7.26.8"
::1 - - [22/Aug/2021:11:52:30 +0000] "POST /api/loginUser HTTP/1.1" 200 37 "-" "PostmanRuntime/7.26.8"
::1 - - [22/Aug/2021:11:52:52 +0000] "POST /api/login HTTP/1.1" 400 28 "-" "PostmanRuntime/7.26.8"
::1 - - [22/Aug/2021:11:53:55 +0000] "POST /api/login HTTP/1.1" 200 39 "-" "PostmanRuntime/7.26.8"
::1 - - [22/Aug/2021:12:09:17 +0000] "POST /api/logout HTTP/1.1" 200 51 "-" "PostmanRuntime/7.26.8"
::1 - - [22/Aug/2021:12:09:41 +0000] "POST /api/login HTTP/1.1" 400 28 "-" "PostmanRuntime/7.26.8"
::1 - - [22/Aug/2021:12:09:48 +0000] "POST /api/login HTTP/1.1" 400 28 "-" "PostmanRuntime/7.26.8"
::1 - - [22/Aug/2021:12:11:21 +0000] "POST /api/login HTTP/1.1" 400 28 "-" "PostmanRuntime/7.26.8"
::1 - - [22/Aug/2021:12:11:23 +0000] "POST /api/login HTTP/1.1" 400 28 "-" "PostmanRuntime/7.26.8"
::1 - - [22/Aug/2021:12:12:07 +0000] "POST /api/login HTTP/1.1" 200 39 "-" "PostmanRuntime/7.26.8"
::1 - - [22/Aug/2021:12:12:20 +0000] "POST /api/logout HTTP/1.1" 200 51 "-" "PostmanRuntime/7.26.8"
::1 - - [22/Aug/2021:12:13:12 +0000] "POST /api/login HTTP/1.1" 200 39 "-" "PostmanRuntime/7.26.8"
::1 - - [22/Aug/2021:12:13:17 +0000] "POST /api/logout HTTP/1.1" 200 51 "-" "PostmanRuntime/7.26.8"
::1 - - [22/Aug/2021:12:31:54 +0000] "POST /api/createClient HTTP/1.1" 200 21 "-" "PostmanRuntime/7.26.8"
::1 - - [22/Aug/2021:12:32:59 +0000] "POST /api/createClient HTTP/1.1" 201 15 "-" "PostmanRuntime/7.26.8"
::1 - - [22/Aug/2021:14:22:05 +0000] "POST /api/createClient HTTP/1.1" 200 21 "-" "PostmanRuntime/7.26.8"
::1 - - [22/Aug/2021:15:15:45 +0000] "POST /api/createClient HTTP/1.1" 201 15 "-" "PostmanRuntime/7.26.8"
::1 - - [22/Aug/2021:15:20:37 +0000] "POST /api/createClient HTTP/1.1" 200 21 "-" "PostmanRuntime/7.26.8"
::1 - - [22/Aug/2021:15:42:33 +0000] "POST /api/createClient HTTP/1.1" 200 6 "-" "PostmanRuntime/7.26.8"
::1 - - [22/Aug/2021:15:46:33 +0000] "POST /api/createClient HTTP/1.1" 400 37 "-" "PostmanRuntime/7.26.8"
::1 - - [22/Aug/2021:15:47:37 +0000] "POST /api/createClient HTTP/1.1" 400 39 "-" "PostmanRuntime/7.26.8"
::1 - - [22/Aug/2021:15:47:49 +0000] "POST /api/createClient HTTP/1.1" 400 17 "-" "PostmanRuntime/7.26.8"
::1 - - [22/Aug/2021:15:49:37 +0000] "POST /api/createClient HTTP/1.1" 400 17 "-" "PostmanRuntime/7.26.8"
::1 - - [22/Aug/2021:15:53:58 +0000] "POST /api/createClient HTTP/1.1" 200 14 "-" "PostmanRuntime/7.26.8"
::1 - - [22/Aug/2021:16:04:30 +0000] "POST /api/createClient HTTP/1.1" 200 14 "-" "PostmanRuntime/7.26.8"
::1 - - [22/Aug/2021:16:05:34 +0000] "POST /api/createClient HTTP/1.1" 200 14 "-" "PostmanRuntime/7.26.8"
::1 - - [22/Aug/2021:16:05:49 +0000] "POST /api/createClient HTTP/1.1" 200 14 "-" "PostmanRuntime/7.26.8"
::1 - - [22/Aug/2021:17:22:11 +0000] "POST /api/createClient HTTP/1.1" 200 14 "-" "PostmanRuntime/7.26.8"
::1 - - [22/Aug/2021:17:24:15 +0000] "POST /api/createClient HTTP/1.1" 200 14 "-" "PostmanRuntime/7.26.8"
::1 - - [22/Aug/2021:17:25:28 +0000] "POST /api/createClient HTTP/1.1" 200 14 "-" "PostmanRuntime/7.26.8"
::1 - - [22/Aug/2021:17:30:13 +0000] "POST /api/createClient HTTP/1.1" 200 14 "-" "PostmanRuntime/7.26.8"
::1 - - [22/Aug/2021:18:25:29 +0000] "POST /api/validClient HTTP/1.1" - - "-" "PostmanRuntime/7.26.8"
::1 - - [22/Aug/2021:18:28:01 +0000] "POST /api/createClient HTTP/1.1" 200 14 "-" "PostmanRuntime/7.26.8"
::1 - - [22/Aug/2021:18:39:46 +0000] "POST /api/createClient HTTP/1.1" 200 14 "-" "PostmanRuntime/7.26.8"
::1 - - [22/Aug/2021:19:55:02 +0000] "POST /api/createClient HTTP/1.1" 200 14 "-" "PostmanRuntime/7.26.8"
::1 - - [22/Aug/2021:19:57:19 +0000] "POST /api/createClient HTTP/1.1" 200 14 "-" "PostmanRuntime/7.26.8"
::1 - - [22/Aug/2021:20:31:18 +0000] "POST /api/createClient HTTP/1.1" 200 14 "-" "PostmanRuntime/7.26.8"
::1 - - [22/Aug/2021:20:51:16 +0000] "POST /api/createClient HTTP/1.1" 200 14 "-" "PostmanRuntime/7.26.8"
::1 - - [22/Aug/2021:21:25:15 +0000] "POST /api/createClient HTTP/1.1" 200 14 "-" "PostmanRuntime/7.26.8"
::1 - - [22/Aug/2021:21:36:48 +0000] "POST /api/createClient HTTP/1.1" 200 14 "-" "PostmanRuntime/7.26.8"
::1 - - [22/Aug/2021:21:39:54 +0000] "POST /api/validClient HTTP/1.1" 201 34 "-" "PostmanRuntime/7.26.8"
::1 - - [23/Aug/2021:10:39:32 +0000] "POST /api/createClient HTTP/1.1" 200 14 "-" "PostmanRuntime/7.26.8"
::1 - - [23/Aug/2021:10:42:02 +0000] "POST /api/validClient HTTP/1.1" 201 34 "-" "PostmanRuntime/7.26.8"
::1 - - [23/Aug/2021:11:08:16 +0000] "GET / HTTP/1.1" 200 20 "-" "Mozilla/5.0 (Windows NT 10.0; Win64; x64) AppleWebKit/537.36 (KHTML, like Gecko) Chrome/92.0.4515.159 Safari/537.36"
::1 - - [23/Aug/2021:11:08:16 +0000] "GET /favicon.ico HTTP/1.1" 200 37 "http://localhost:5000/" "Mozilla/5.0 (Windows NT 10.0; Win64; x64) AppleWebKit/537.36 (KHTML, like Gecko) Chrome/92.0.4515.159 Safari/537.36"
::1 - - [23/Aug/2021:12:05:53 +0000] "POST /api/createVendeur HTTP/1.1" 200 21 "-" "PostmanRuntime/7.26.8"
::1 - - [23/Aug/2021:12:06:16 +0000] "POST /api/createVendeur HTTP/1.1" 200 14 "-" "PostmanRuntime/7.26.8"
::1 - - [23/Aug/2021:12:06:40 +0000] "POST /api/validVendeur HTTP/1.1" 201 34 "-" "PostmanRuntime/7.26.8"
::1 - - [23/Aug/2021:12:09:46 +0000] "POST /api/createVendeur HTTP/1.1" 200 14 "-" "PostmanRuntime/7.26.8"
::1 - - [23/Aug/2021:12:10:02 +0000] "POST /api/validVendeur HTTP/1.1" 201 34 "-" "PostmanRuntime/7.26.8"
::1 - - [23/Aug/2021:12:13:42 +0000] "POST /api/createVendeur HTTP/1.1" 200 14 "-" "PostmanRuntime/7.26.8"
::1 - - [23/Aug/2021:12:14:02 +0000] "POST /api/validVendeur HTTP/1.1" 201 34 "-" "PostmanRuntime/7.26.8"
::1 - - [23/Aug/2021:12:16:13 +0000] "POST /api/createVendeur HTTP/1.1" 200 14 "-" "PostmanRuntime/7.26.8"
::1 - - [23/Aug/2021:12:19:13 +0000] "POST /api/createVendeur HTTP/1.1" 200 14 "-" "PostmanRuntime/7.26.8"
::1 - - [23/Aug/2021:12:19:27 +0000] "POST /api/validVendeur HTTP/1.1" 201 34 "-" "PostmanRuntime/7.26.8"
::1 - - [23/Aug/2021:16:54:34 +0000] "POST /api/createVendeur HTTP/1.1" 200 14 "-" "PostmanRuntime/7.26.8"
::1 - - [23/Aug/2021:16:55:51 +0000] "POST /api/validVendeur HTTP/1.1" 201 34 "-" "PostmanRuntime/7.26.8"
::1 - - [23/Aug/2021:16:56:53 +0000] "POST /api/createVendeur HTTP/1.1" 200 14 "-" "PostmanRuntime/7.26.8"
::1 - - [23/Aug/2021:16:56:57 +0000] "POST /api/validVendeur HTTP/1.1" 400 21 "-" "PostmanRuntime/7.26.8"
::1 - - [23/Aug/2021:16:57:24 +0000] "POST /api/validVendeur HTTP/1.1" 201 34 "-" "PostmanRuntime/7.26.8"
::1 - - [23/Aug/2021:16:59:10 +0000] "POST /api/createVendeur HTTP/1.1" 200 14 "-" "PostmanRuntime/7.26.8"
::1 - - [23/Aug/2021:16:59:29 +0000] "POST /api/validVendeur HTTP/1.1" 201 34 "-" "PostmanRuntime/7.26.8"
::1 - - [23/Aug/2021:17:19:10 +0000] "PUT /api/freePack HTTP/1.1" 200 28 "-" "PostmanRuntime/7.26.8"
::1 - - [23/Aug/2021:17:20:18 +0000] "PUT /api/freePack HTTP/1.1" 200 28 "-" "PostmanRuntime/7.26.8"
::1 - - [23/Aug/2021:17:21:59 +0000] "PUT /api/freePack HTTP/1.1" 200 28 "-" "PostmanRuntime/7.26.8"
::1 - - [24/Aug/2021:12:38:40 +0000] "POST /api/createVendeur HTTP/1.1" 200 14 "-" "PostmanRuntime/7.26.8"
::1 - - [24/Aug/2021:12:45:20 +0000] "POST /api/validVendeur HTTP/1.1" 201 41 "-" "PostmanRuntime/7.26.8"
::1 - - [24/Aug/2021:12:50:50 +0000] "POST /api/validVendeur HTTP/1.1" 201 41 "-" "PostmanRuntime/7.26.8"
::1 - - [24/Aug/2021:12:50:57 +0000] "PUT /api/freePack HTTP/1.1" 200 28 "-" "PostmanRuntime/7.26.8"
::1 - - [24/Aug/2021:13:23:32 +0000] "POST /api/addProduct HTTP/1.1" 400 23 "-" "PostmanRuntime/7.26.8"
::1 - - [24/Aug/2021:13:24:16 +0000] "POST /api/addProduct HTTP/1.1" 400 23 "-" "PostmanRuntime/7.26.8"
::1 - - [24/Aug/2021:13:24:56 +0000] "POST /api/addProduct HTTP/1.1" 400 23 "-" "PostmanRuntime/7.26.8"
::1 - - [24/Aug/2021:13:25:51 +0000] "POST /api/addProduct HTTP/1.1" 400 23 "-" "PostmanRuntime/7.26.8"
::1 - - [24/Aug/2021:13:28:25 +0000] "POST /api/addProduct HTTP/1.1" 500 2371 "-" "PostmanRuntime/7.26.8"
::1 - - [24/Aug/2021:13:33:03 +0000] "POST /api/addProduct HTTP/1.1" 500 2371 "-" "PostmanRuntime/7.26.8"
::1 - - [24/Aug/2021:13:33:28 +0000] "POST /api/addProduct HTTP/1.1" 500 2371 "-" "PostmanRuntime/7.26.8"
::1 - - [24/Aug/2021:13:37:21 +0000] "POST /api/addProduct HTTP/1.1" 500 2371 "-" "PostmanRuntime/7.26.8"
::1 - - [24/Aug/2021:13:38:20 +0000] "POST /api/addProduct HTTP/1.1" 500 2370 "-" "PostmanRuntime/7.26.8"
::1 - - [24/Aug/2021:13:39:11 +0000] "POST /api/addProduct HTTP/1.1" 500 2371 "-" "PostmanRuntime/7.26.8"
::1 - - [24/Aug/2021:13:40:47 +0000] "POST /api/addProduct HTTP/1.1" 500 2371 "-" "PostmanRuntime/7.26.8"
::1 - - [24/Aug/2021:13:41:50 +0000] "POST /api/addProduct HTTP/1.1" 500 2371 "-" "PostmanRuntime/7.26.8"
::1 - - [24/Aug/2021:13:42:43 +0000] "POST /api/login HTTP/1.1" 200 41 "-" "PostmanRuntime/7.26.8"
::1 - - [24/Aug/2021:13:42:49 +0000] "POST /api/addProduct HTTP/1.1" 500 2371 "-" "PostmanRuntime/7.26.8"
::1 - - [24/Aug/2021:13:42:59 +0000] "POST /api/addProduct HTTP/1.1" 500 2370 "-" "PostmanRuntime/7.26.8"
::1 - - [24/Aug/2021:13:43:35 +0000] "POST /api/addProduct HTTP/1.1" 500 2370 "-" "PostmanRuntime/7.26.8"
::1 - - [24/Aug/2021:13:44:57 +0000] "POST /api/addProduct HTTP/1.1" 500 261 "-" "PostmanRuntime/7.26.8"
::1 - - [24/Aug/2021:13:50:18 +0000] "POST /api/addProduct HTTP/1.1" 500 2371 "-" "PostmanRuntime/7.26.8"
::1 - - [24/Aug/2021:13:51:05 +0000] "POST /api/addProduct HTTP/1.1" 500 2371 "-" "PostmanRuntime/7.26.8"
::1 - - [24/Aug/2021:13:51:26 +0000] "POST /api/addProduct HTTP/1.1" 500 2371 "-" "PostmanRuntime/7.26.8"
::1 - - [24/Aug/2021:13:53:01 +0000] "POST /api/addProduct HTTP/1.1" 500 2371 "-" "PostmanRuntime/7.26.8"
::1 - - [24/Aug/2021:13:53:48 +0000] "POST /api/addProduct HTTP/1.1" 500 2371 "-" "PostmanRuntime/7.26.8"
::1 - - [24/Aug/2021:13:54:32 +0000] "POST /api/addProduct HTTP/1.1" 500 2371 "-" "PostmanRuntime/7.26.8"
::1 - - [24/Aug/2021:13:54:57 +0000] "POST /api/addProduct HTTP/1.1" 500 2371 "-" "PostmanRuntime/7.26.8"
::1 - - [24/Aug/2021:13:55:17 +0000] "POST /api/addProduct HTTP/1.1" 500 2371 "-" "PostmanRuntime/7.26.8"
::1 - - [24/Aug/2021:13:55:29 +0000] "POST /api/addProduct HTTP/1.1" 400 22 "-" "PostmanRuntime/7.26.8"
::1 - - [24/Aug/2021:13:56:04 +0000] "POST /api/addProduct HTTP/1.1" 500 2371 "-" "PostmanRuntime/7.26.8"
::1 - - [24/Aug/2021:13:57:16 +0000] "POST /api/addProduct HTTP/1.1" 500 2371 "-" "PostmanRuntime/7.26.8"
::1 - - [24/Aug/2021:13:59:25 +0000] "POST /api/addProduct HTTP/1.1" 500 2371 "-" "PostmanRuntime/7.26.8"
::1 - - [24/Aug/2021:14:00:20 +0000] "POST /api/addProduct HTTP/1.1" 500 2371 "-" "PostmanRuntime/7.26.8"
::1 - - [24/Aug/2021:14:00:32 +0000] "POST /api/addProduct HTTP/1.1" 400 22 "-" "PostmanRuntime/7.26.8"
::1 - - [24/Aug/2021:14:01:49 +0000] "POST /api/addProduct HTTP/1.1" 400 40 "-" "PostmanRuntime/7.26.8"
::1 - - [24/Aug/2021:14:02:56 +0000] "POST /api/addProduct HTTP/1.1" 500 2371 "-" "PostmanRuntime/7.26.8"
::1 - - [24/Aug/2021:14:03:19 +0000] "POST /api/addProduct HTTP/1.1" 500 2371 "-" "PostmanRuntime/7.26.8"
::1 - - [24/Aug/2021:14:06:18 +0000] "POST /api/addProduct HTTP/1.1" 500 2371 "-" "PostmanRuntime/7.26.8"
::1 - - [24/Aug/2021:14:08:29 +0000] "POST /api/addProduct HTTP/1.1" 500 2371 "-" "PostmanRuntime/7.26.8"
::1 - - [24/Aug/2021:14:09:05 +0000] "POST /api/addProduct HTTP/1.1" 500 2371 "-" "PostmanRuntime/7.26.8"
::1 - - [24/Aug/2021:14:09:14 +0000] "POST /api/addProduct HTTP/1.1" 500 2371 "-" "PostmanRuntime/7.26.8"
::1 - - [24/Aug/2021:14:09:41 +0000] "POST /api/addProduct HTTP/1.1" 500 2371 "-" "PostmanRuntime/7.26.8"
::1 - - [24/Aug/2021:14:10:02 +0000] "POST /api/addProduct HTTP/1.1" 500 2371 "-" "PostmanRuntime/7.26.8"
::1 - - [24/Aug/2021:14:10:16 +0000] "POST /api/addProduct HTTP/1.1" 500 2371 "-" "PostmanRuntime/7.26.8"
::1 - - [24/Aug/2021:14:10:41 +0000] "POST /api/addProduct HTTP/1.1" 500 2371 "-" "PostmanRuntime/7.26.8"
::1 - - [24/Aug/2021:14:11:32 +0000] "POST /api/addProduct HTTP/1.1" 500 2371 "-" "PostmanRuntime/7.26.8"
::1 - - [24/Aug/2021:14:11:45 +0000] "POST /api/addProduct HTTP/1.1" 500 2370 "-" "PostmanRuntime/7.26.8"
::1 - - [24/Aug/2021:14:12:03 +0000] "POST /api/addProduct HTTP/1.1" 500 2370 "-" "PostmanRuntime/7.26.8"
::1 - - [24/Aug/2021:14:12:28 +0000] "POST /api/addProduct HTTP/1.1" 500 2371 "-" "PostmanRuntime/7.26.8"
::1 - - [24/Aug/2021:14:13:43 +0000] "POST /api/addProduct HTTP/1.1" 500 2371 "-" "PostmanRuntime/7.26.8"
::1 - - [24/Aug/2021:14:15:47 +0000] "POST /api/addProduct HTTP/1.1" 500 2371 "-" "PostmanRuntime/7.26.8"
::1 - - [24/Aug/2021:14:16:48 +0000] "POST /api/addProduct HTTP/1.1" 500 2371 "-" "PostmanRuntime/7.26.8"
::1 - - [24/Aug/2021:14:17:47 +0000] "POST /api/addProduct HTTP/1.1" 500 2371 "-" "PostmanRuntime/7.26.8"
::1 - - [24/Aug/2021:14:18:59 +0000] "POST /api/addProduct HTTP/1.1" 500 2371 "-" "PostmanRuntime/7.26.8"
::1 - - [24/Aug/2021:14:19:51 +0000] "POST /api/addProduct HTTP/1.1" 500 2370 "-" "PostmanRuntime/7.26.8"
::1 - - [24/Aug/2021:14:21:28 +0000] "POST /api/addProduct HTTP/1.1" 500 2371 "-" "PostmanRuntime/7.26.8"
::1 - - [24/Aug/2021:14:21:56 +0000] "POST /api/addProduct HTTP/1.1" 500 2371 "-" "PostmanRuntime/7.26.8"
::1 - - [24/Aug/2021:14:22:15 +0000] "POST /api/addProduct HTTP/1.1" 500 2371 "-" "PostmanRuntime/7.26.8"
::1 - - [24/Aug/2021:14:22:40 +0000] "POST /api/addProduct HTTP/1.1" 500 2371 "-" "PostmanRuntime/7.26.8"
::1 - - [24/Aug/2021:14:23:01 +0000] "POST /api/addProduct HTTP/1.1" 500 2371 "-" "PostmanRuntime/7.26.8"
::1 - - [24/Aug/2021:14:24:32 +0000] "POST /api/addProduct HTTP/1.1" - - "-" "PostmanRuntime/7.26.8"
::1 - - [24/Aug/2021:14:24:34 +0000] "POST /api/addProduct HTTP/1.1" 500 2370 "-" "PostmanRuntime/7.26.8"
::1 - - [24/Aug/2021:14:25:21 +0000] "POST /api/addProduct HTTP/1.1" - - "-" "PostmanRuntime/7.26.8"
::1 - - [24/Aug/2021:14:25:31 +0000] "POST /api/addProduct HTTP/1.1" 500 2370 "-" "PostmanRuntime/7.26.8"
::1 - - [24/Aug/2021:14:27:13 +0000] "POST /api/addProduct HTTP/1.1" 500 2371 "-" "PostmanRuntime/7.26.8"
::1 - - [24/Aug/2021:14:27:21 +0000] "POST /api/addProduct HTTP/1.1" 500 2371 "-" "PostmanRuntime/7.26.8"
::1 - - [24/Aug/2021:14:29:11 +0000] "POST /api/addProduct HTTP/1.1" 500 2371 "-" "PostmanRuntime/7.26.8"
::1 - - [24/Aug/2021:14:29:41 +0000] "POST /api/addProduct HTTP/1.1" 500 2370 "-" "PostmanRuntime/7.26.8"
::1 - - [24/Aug/2021:14:29:48 +0000] "POST /api/addProduct HTTP/1.1" 500 2371 "-" "PostmanRuntime/7.26.8"
::1 - - [24/Aug/2021:14:31:26 +0000] "POST /api/addProduct HTTP/1.1" 500 2371 "-" "PostmanRuntime/7.26.8"
::1 - - [24/Aug/2021:14:31:37 +0000] "POST /api/addProduct HTTP/1.1" 500 2370 "-" "PostmanRuntime/7.26.8"
::1 - - [24/Aug/2021:14:32:01 +0000] "POST /api/addProduct HTTP/1.1" - - "-" "PostmanRuntime/7.26.8"
::1 - - [24/Aug/2021:14:32:04 +0000] "POST /api/addProduct HTTP/1.1" 500 2370 "-" "PostmanRuntime/7.26.8"
::1 - - [24/Aug/2021:14:32:27 +0000] "POST /api/addProduct HTTP/1.1" 500 2370 "-" "PostmanRuntime/7.26.8"
::1 - - [24/Aug/2021:14:32:42 +0000] "POST /api/addProduct HTTP/1.1" 500 2370 "-" "PostmanRuntime/7.26.8"
::1 - - [24/Aug/2021:14:33:43 +0000] "POST /api/addProduct HTTP/1.1" 500 2371 "-" "PostmanRuntime/7.26.8"
::1 - - [24/Aug/2021:14:34:56 +0000] "POST /api/addProduct HTTP/1.1" 500 2371 "-" "PostmanRuntime/7.26.8"
::1 - - [24/Aug/2021:14:35:58 +0000] "POST /api/addProduct HTTP/1.1" 500 2371 "-" "PostmanRuntime/7.26.8"
::1 - - [24/Aug/2021:14:36:45 +0000] "POST /api/addProduct HTTP/1.1" 500 2371 "-" "PostmanRuntime/7.26.8"
::1 - - [24/Aug/2021:14:37:05 +0000] "POST /api/addProduct HTTP/1.1" 500 2371 "-" "PostmanRuntime/7.26.8"
::1 - - [24/Aug/2021:14:37:22 +0000] "POST /api/addProduct HTTP/1.1" 500 2371 "-" "PostmanRuntime/7.26.8"
::1 - - [24/Aug/2021:14:37:35 +0000] "POST /api/addProduct HTTP/1.1" 500 2371 "-" "PostmanRuntime/7.26.8"
::1 - - [24/Aug/2021:14:38:18 +0000] "POST /api/addProduct HTTP/1.1" 500 2371 "-" "PostmanRuntime/7.26.8"
::1 - - [24/Aug/2021:14:39:17 +0000] "POST /api/addProduct HTTP/1.1" 500 2371 "-" "PostmanRuntime/7.26.8"
::1 - - [24/Aug/2021:14:39:28 +0000] "POST /api/addProduct HTTP/1.1" 500 2371 "-" "PostmanRuntime/7.26.8"
::1 - - [24/Aug/2021:14:40:49 +0000] "POST /api/addProduct HTTP/1.1" 500 2371 "-" "PostmanRuntime/7.26.8"
::1 - - [24/Aug/2021:14:43:20 +0000] "POST /api/addProduct HTTP/1.1" 500 2371 "-" "PostmanRuntime/7.26.8"
::1 - - [24/Aug/2021:14:43:52 +0000] "POST /api/addProduct HTTP/1.1" 500 2371 "-" "PostmanRuntime/7.26.8"
::1 - - [24/Aug/2021:14:45:02 +0000] "POST /api/addProduct HTTP/1.1" 500 2371 "-" "PostmanRuntime/7.26.8"
::1 - - [24/Aug/2021:14:45:47 +0000] "POST /api/addProduct HTTP/1.1" 500 2371 "-" "PostmanRuntime/7.26.8"
::1 - - [24/Aug/2021:14:46:41 +0000] "POST /api/addProduct HTTP/1.1" 500 2371 "-" "PostmanRuntime/7.26.8"
::1 - - [24/Aug/2021:14:46:51 +0000] "POST /api/addProduct HTTP/1.1" 500 2371 "-" "PostmanRuntime/7.26.8"
::1 - - [24/Aug/2021:14:47:57 +0000] "POST /api/addProduct HTTP/1.1" 500 2371 "-" "PostmanRuntime/7.26.8"
::1 - - [24/Aug/2021:14:48:20 +0000] "POST /api/addProduct HTTP/1.1" 500 2371 "-" "PostmanRuntime/7.26.8"
::1 - - [24/Aug/2021:14:48:36 +0000] "POST /api/addProduct HTTP/1.1" 500 2371 "-" "PostmanRuntime/7.26.8"
::1 - - [24/Aug/2021:14:48:55 +0000] "POST /api/addProduct HTTP/1.1" 500 2371 "-" "PostmanRuntime/7.26.8"
::1 - - [24/Aug/2021:14:49:29 +0000] "POST /api/addProduct HTTP/1.1" - - "-" "PostmanRuntime/7.26.8"
::1 - - [24/Aug/2021:14:49:56 +0000] "POST /api/addProduct HTTP/1.1" - - "-" "PostmanRuntime/7.26.8"
::1 - - [24/Aug/2021:15:55:15 +0000] "POST /api/addProduct HTTP/1.1" - - "-" "PostmanRuntime/7.26.8"
::1 - - [24/Aug/2021:15:55:20 +0000] "POST /api/addProduct HTTP/1.1" 500 2370 "-" "PostmanRuntime/7.26.8"
::1 - - [24/Aug/2021:15:57:09 +0000] "POST /api/addProduct HTTP/1.1" 500 2371 "-" "PostmanRuntime/7.26.8"
::1 - - [24/Aug/2021:15:59:25 +0000] "POST /api/addProduct HTTP/1.1" 500 2371 "-" "PostmanRuntime/7.26.8"
::1 - - [24/Aug/2021:16:00:17 +0000] "POST /api/addProduct HTTP/1.1" 500 2371 "-" "PostmanRuntime/7.26.8"
::1 - - [24/Aug/2021:16:01:32 +0000] "POST /api/addProduct HTTP/1.1" 500 2371 "-" "PostmanRuntime/7.26.8"
::1 - - [24/Aug/2021:16:02:39 +0000] "POST /api/addProduct HTTP/1.1" 500 2371 "-" "PostmanRuntime/7.26.8"
::1 - - [24/Aug/2021:16:07:51 +0000] "POST /api/addProduct HTTP/1.1" 500 2371 "-" "PostmanRuntime/7.26.8"
::1 - - [24/Aug/2021:16:13:57 +0000] "POST /api/addProduct HTTP/1.1" 500 2371 "-" "PostmanRuntime/7.26.8"
::1 - - [24/Aug/2021:16:14:04 +0000] "POST /api/addProduct HTTP/1.1" 500 2370 "-" "PostmanRuntime/7.26.8"
::1 - - [24/Aug/2021:16:15:07 +0000] "POST /api/addProduct HTTP/1.1" 500 2371 "-" "PostmanRuntime/7.26.8"
::1 - - [24/Aug/2021:16:15:34 +0000] "POST /api/addProduct HTTP/1.1" 500 2371 "-" "PostmanRuntime/7.26.8"
::1 - - [24/Aug/2021:16:16:29 +0000] "POST /api/addProduct HTTP/1.1" 500 2371 "-" "PostmanRuntime/7.26.8"
::1 - - [24/Aug/2021:16:16:38 +0000] "POST /api/addProduct HTTP/1.1" 500 2371 "-" "PostmanRuntime/7.26.8"
::1 - - [24/Aug/2021:16:17:44 +0000] "POST /api/addProduct HTTP/1.1" 500 2371 "-" "PostmanRuntime/7.26.8"
::1 - - [24/Aug/2021:16:17:58 +0000] "POST /api/addProduct HTTP/1.1" 500 2371 "-" "PostmanRuntime/7.26.8"
::1 - - [24/Aug/2021:16:18:16 +0000] "POST /api/addProduct HTTP/1.1" 500 2371 "-" "PostmanRuntime/7.26.8"
::1 - - [24/Aug/2021:16:18:44 +0000] "POST /api/addProduct HTTP/1.1" 500 2371 "-" "PostmanRuntime/7.26.8"
::1 - - [24/Aug/2021:16:20:51 +0000] "POST /api/addProduct HTTP/1.1" 500 2371 "-" "PostmanRuntime/7.26.8"
::1 - - [24/Aug/2021:16:21:39 +0000] "POST /api/addProduct HTTP/1.1" 500 2371 "-" "PostmanRuntime/7.26.8"
::1 - - [24/Aug/2021:16:22:36 +0000] "POST /api/addProduct HTTP/1.1" - - "-" "PostmanRuntime/7.26.8"
::1 - - [24/Aug/2021:16:22:39 +0000] "POST /api/addProduct HTTP/1.1" 500 2371 "-" "PostmanRuntime/7.26.8"
::1 - - [24/Aug/2021:16:22:47 +0000] "POST /api/addProduct HTTP/1.1" 500 2370 "-" "PostmanRuntime/7.26.8"
::1 - - [24/Aug/2021:16:23:01 +0000] "POST /api/addProduct HTTP/1.1" - - "-" "PostmanRuntime/7.26.8"
::1 - - [24/Aug/2021:16:23:39 +0000] "POST /api/addProduct HTTP/1.1" 500 2371 "-" "PostmanRuntime/7.26.8"
::1 - - [24/Aug/2021:16:24:05 +0000] "POST /api/addProduct HTTP/1.1" 500 2371 "-" "PostmanRuntime/7.26.8"
::1 - - [24/Aug/2021:16:25:07 +0000] "POST /api/addProduct HTTP/1.1" 500 2371 "-" "PostmanRuntime/7.26.8"
::1 - - [24/Aug/2021:16:25:21 +0000] "POST /api/addProduct HTTP/1.1" 500 2371 "-" "PostmanRuntime/7.26.8"
::1 - - [24/Aug/2021:16:25:46 +0000] "POST /api/addProduct HTTP/1.1" 500 2371 "-" "PostmanRuntime/7.26.8"
::1 - - [24/Aug/2021:16:26:16 +0000] "POST /api/addProduct HTTP/1.1" 500 2371 "-" "PostmanRuntime/7.26.8"
::1 - - [24/Aug/2021:16:41:15 +0000] "POST /api/addProduct HTTP/1.1" 500 2371 "-" "PostmanRuntime/7.26.8"
::1 - - [24/Aug/2021:16:41:19 +0000] "POST /api/addProduct HTTP/1.1" 500 2371 "-" "PostmanRuntime/7.26.8"
::1 - - [24/Aug/2021:16:41:25 +0000] "POST /api/addProduct HTTP/1.1" 500 2370 "-" "PostmanRuntime/7.26.8"
::1 - - [24/Aug/2021:16:41:36 +0000] "POST /api/addProduct HTTP/1.1" 500 2371 "-" "PostmanRuntime/7.26.8"
::1 - - [24/Aug/2021:16:41:40 +0000] "POST /api/addProduct HTTP/1.1" 500 2370 "-" "PostmanRuntime/7.26.8"
::1 - - [24/Aug/2021:16:41:54 +0000] "POST /api/addProduct HTTP/1.1" 500 2371 "-" "PostmanRuntime/7.26.8"
::1 - - [24/Aug/2021:16:43:20 +0000] "POST /api/addProduct HTTP/1.1" - - "-" "PostmanRuntime/7.26.8"
::1 - - [24/Aug/2021:16:43:24 +0000] "POST /api/addProduct HTTP/1.1" 500 2371 "-" "PostmanRuntime/7.26.8"
::1 - - [24/Aug/2021:16:43:30 +0000] "POST /api/addProduct HTTP/1.1" 500 2370 "-" "PostmanRuntime/7.26.8"
::1 - - [24/Aug/2021:16:43:53 +0000] "POST /api/addProduct HTTP/1.1" 500 2371 "-" "PostmanRuntime/7.26.8"
::1 - - [24/Aug/2021:16:43:58 +0000] "POST /api/addProduct HTTP/1.1" 500 2371 "-" "PostmanRuntime/7.26.8"
::1 - - [24/Aug/2021:16:44:11 +0000] "POST /api/addProduct HTTP/1.1" 500 2371 "-" "PostmanRuntime/7.26.8"
::1 - - [24/Aug/2021:16:44:25 +0000] "POST /api/addProduct HTTP/1.1" 500 2370 "-" "PostmanRuntime/7.26.8"
::1 - - [24/Aug/2021:16:44:36 +0000] "POST /api/addProduct HTTP/1.1" 500 2371 "-" "PostmanRuntime/7.26.8"
::1 - - [24/Aug/2021:16:44:48 +0000] "POST /api/addProduct HTTP/1.1" 500 2371 "-" "PostmanRuntime/7.26.8"
::1 - - [24/Aug/2021:16:44:57 +0000] "POST /api/addProduct HTTP/1.1" 500 2371 "-" "PostmanRuntime/7.26.8"
::1 - - [24/Aug/2021:16:45:04 +0000] "POST /api/addProduct HTTP/1.1" - - "-" "PostmanRuntime/7.26.8"
::1 - - [24/Aug/2021:16:53:00 +0000] "POST /api/addProduct HTTP/1.1" - - "-" "PostmanRuntime/7.26.8"
::1 - - [24/Aug/2021:16:56:58 +0000] "POST /api/addProduct HTTP/1.1" 400 37 "-" "PostmanRuntime/7.26.8"
::1 - - [24/Aug/2021:16:57:17 +0000] "POST /api/login HTTP/1.1" 200 41 "-" "PostmanRuntime/7.26.8"
::1 - - [24/Aug/2021:16:57:22 +0000] "POST /api/addProduct HTTP/1.1" 400 30 "-" "PostmanRuntime/7.26.8"
::1 - - [24/Aug/2021:16:57:45 +0000] "POST /api/addProduct HTTP/1.1" 400 30 "-" "PostmanRuntime/7.26.8"
::1 - - [24/Aug/2021:17:05:35 +0000] "POST /api/addProduct HTTP/1.1" 400 30 "-" "PostmanRuntime/7.26.8"
::1 - - [24/Aug/2021:17:11:36 +0000] "POST /api/addProduct HTTP/1.1" 400 30 "-" "PostmanRuntime/7.26.8"
::1 - - [24/Aug/2021:17:13:01 +0000] "POST /api/addProduct HTTP/1.1" 400 30 "-" "PostmanRuntime/7.26.8"
::1 - - [24/Aug/2021:17:14:22 +0000] "POST /api/addProduct HTTP/1.1" 500 742 "-" "PostmanRuntime/7.26.8"
::1 - - [24/Aug/2021:17:14:59 +0000] "POST /api/addProduct HTTP/1.1" 500 742 "-" "PostmanRuntime/7.26.8"
::1 - - [24/Aug/2021:17:21:50 +0000] "POST /api/addProduct HTTP/1.1" 400 30 "-" "PostmanRuntime/7.26.8"
::1 - - [24/Aug/2021:17:22:52 +0000] "POST /api/addProduct HTTP/1.1" 400 35 "-" "PostmanRuntime/7.26.8"
::1 - - [24/Aug/2021:17:26:41 +0000] "POST /api/addProduct HTTP/1.1" 400 30 "-" "PostmanRuntime/7.26.8"
::1 - - [24/Aug/2021:17:30:03 +0000] "POST /api/addProduct HTTP/1.1" 400 30 "-" "PostmanRuntime/7.26.8"
::1 - - [24/Aug/2021:17:30:15 +0000] "POST /api/addProduct HTTP/1.1" 400 30 "-" "PostmanRuntime/7.26.8"
::1 - - [24/Aug/2021:17:30:40 +0000] "POST /api/addProduct HTTP/1.1" 400 30 "-" "PostmanRuntime/7.26.8"
::1 - - [24/Aug/2021:17:30:57 +0000] "POST /api/addProduct HTTP/1.1" 400 30 "-" "PostmanRuntime/7.26.8"
::1 - - [24/Aug/2021:17:35:55 +0000] "POST /api/addProduct HTTP/1.1" 400 30 "-" "PostmanRuntime/7.26.8"
::1 - - [24/Aug/2021:17:36:50 +0000] "POST /api/addProduct HTTP/1.1" 400 30 "-" "PostmanRuntime/7.26.8"
::1 - - [24/Aug/2021:17:36:55 +0000] "POST /api/addProduct HTTP/1.1" 400 30 "-" "PostmanRuntime/7.26.8"
::1 - - [24/Aug/2021:17:37:22 +0000] "POST /api/addProduct HTTP/1.1" 400 23 "-" "PostmanRuntime/7.26.8"
::1 - - [24/Aug/2021:17:37:37 +0000] "POST /api/addProduct HTTP/1.1" 400 27 "-" "PostmanRuntime/7.26.8"
::1 - - [24/Aug/2021:17:38:32 +0000] "POST /api/addProduct HTTP/1.1" 400 27 "-" "PostmanRuntime/7.26.8"
::1 - - [24/Aug/2021:17:38:51 +0000] "POST /api/addProduct HTTP/1.1" 400 22 "-" "PostmanRuntime/7.26.8"
::1 - - [24/Aug/2021:17:39:23 +0000] "POST /api/addProduct HTTP/1.1" 201 30 "-" "PostmanRuntime/7.26.8"
::1 - - [24/Aug/2021:17:44:16 +0000] "POST /api/addProduct HTTP/1.1" 201 30 "-" "PostmanRuntime/7.26.8"
::1 - - [24/Aug/2021:17:48:58 +0000] "POST /api/addProduct HTTP/1.1" 400 30 "-" "PostmanRuntime/7.26.8"
::1 - - [24/Aug/2021:17:55:15 +0000] "POST /api/addProduct HTTP/1.1" 500 260 "-" "PostmanRuntime/7.26.8"
::1 - - [24/Aug/2021:17:56:16 +0000] "POST /api/addProduct HTTP/1.1" 500 260 "-" "PostmanRuntime/7.26.8"
::1 - - [24/Aug/2021:17:56:59 +0000] "POST /api/addProduct HTTP/1.1" 500 260 "-" "PostmanRuntime/7.26.8"
::1 - - [24/Aug/2021:17:57:14 +0000] "POST /api/addProduct HTTP/1.1" 500 260 "-" "PostmanRuntime/7.26.8"
::1 - - [24/Aug/2021:17:57:42 +0000] "POST /api/addProduct HTTP/1.1" 500 260 "-" "PostmanRuntime/7.26.8"
::1 - - [24/Aug/2021:17:57:59 +0000] "POST /api/addProduct HTTP/1.1" 500 260 "-" "PostmanRuntime/7.26.8"
::1 - - [24/Aug/2021:17:59:07 +0000] "POST /api/addProduct HTTP/1.1" 500 260 "-" "PostmanRuntime/7.26.8"
::1 - - [24/Aug/2021:18:00:55 +0000] "POST /api/addProduct HTTP/1.1" 201 30 "-" "PostmanRuntime/7.26.8"
::1 - - [25/Aug/2021:10:57:07 +0000] "POST /api/addProduct HTTP/1.1" 400 37 "-" "PostmanRuntime/7.26.8"
::1 - - [25/Aug/2021:10:57:23 +0000] "POST /api/login HTTP/1.1" 200 41 "-" "PostmanRuntime/7.26.8"
::1 - - [25/Aug/2021:11:21:31 +0000] "POST /api/addProduct HTTP/1.1" 400 21 "-" "PostmanRuntime/7.26.8"
::1 - - [25/Aug/2021:11:22:02 +0000] "POST /api/addProduct HTTP/1.1" 201 30 "-" "PostmanRuntime/7.26.8"
::1 - - [25/Aug/2021:11:23:15 +0000] "POST /api/addProduct HTTP/1.1" 400 44 "-" "PostmanRuntime/7.26.8"
::1 - - [25/Aug/2021:11:23:39 +0000] "POST /api/addProduct HTTP/1.1" 201 30 "-" "PostmanRuntime/7.26.8"
::1 - - [25/Aug/2021:11:26:44 +0000] "POST /api/addProduct HTTP/1.1" 400 57 "-" "PostmanRuntime/7.26.8"
::1 - - [25/Aug/2021:11:27:18 +0000] "POST /api/addProduct HTTP/1.1" 201 30 "-" "PostmanRuntime/7.26.8"
::1 - - [25/Aug/2021:11:31:03 +0000] "POST /api/addProduct HTTP/1.1" 400 51 "-" "PostmanRuntime/7.26.8"
::1 - - [25/Aug/2021:11:31:25 +0000] "POST /api/addProduct HTTP/1.1" 400 56 "-" "PostmanRuntime/7.26.8"
::1 - - [25/Aug/2021:11:37:43 +0000] "POST /api/addProduct HTTP/1.1" 201 30 "-" "PostmanRuntime/7.26.8"
::1 - - [25/Aug/2021:12:29:24 +0000] "DELETE /api/deleteProduct HTTP/1.1" 400 31 "-" "PostmanRuntime/7.26.8"
::1 - - [25/Aug/2021:12:32:01 +0000] "DELETE /api/deleteProduct HTTP/1.1" 400 31 "-" "PostmanRuntime/7.26.8"
::1 - - [25/Aug/2021:12:32:42 +0000] "DELETE /api/deleteProduct HTTP/1.1" 400 43 "-" "PostmanRuntime/7.26.8"
::1 - - [25/Aug/2021:12:38:41 +0000] "DELETE /api/deleteProduct HTTP/1.1" 400 37 "-" "PostmanRuntime/7.26.8"
::1 - - [25/Aug/2021:12:38:47 +0000] "POST /api/login HTTP/1.1" 200 41 "-" "PostmanRuntime/7.26.8"
::1 - - [25/Aug/2021:12:38:51 +0000] "DELETE /api/deleteProduct HTTP/1.1" 400 43 "-" "PostmanRuntime/7.26.8"
::1 - - [25/Aug/2021:12:42:55 +0000] "DELETE /api/deleteProduct HTTP/1.1" 200 32 "-" "PostmanRuntime/7.26.8"
::1 - - [25/Aug/2021:12:44:55 +0000] "DELETE /api/deleteProduct HTTP/1.1" 200 32 "-" "PostmanRuntime/7.26.8"
::1 - - [25/Aug/2021:12:46:20 +0000] "DELETE /api/deleteProduct HTTP/1.1" 200 32 "-" "PostmanRuntime/7.26.8"
::1 - - [25/Aug/2021:20:28:22 +0000] "GET /api/myProducts HTTP/1.1" 400 37 "-" "PostmanRuntime/7.26.8"
::1 - - [25/Aug/2021:20:28:29 +0000] "POST /api/login HTTP/1.1" 200 41 "-" "PostmanRuntime/7.26.8"
::1 - - [25/Aug/2021:20:28:35 +0000] "GET /api/myProducts HTTP/1.1" 200 747 "-" "PostmanRuntime/7.26.8"
::1 - - [25/Aug/2021:20:29:36 +0000] "GET /api/myProducts HTTP/1.1" 200 747 "-" "PostmanRuntime/7.26.8"
::1 - - [25/Aug/2021:20:31:38 +0000] "POST /api/addProduct HTTP/1.1" 201 30 "-" "PostmanRuntime/7.26.8"
::1 - - [25/Aug/2021:20:32:32 +0000] "POST /api/addProduct HTTP/1.1" 201 30 "-" "PostmanRuntime/7.26.8"
::1 - - [25/Aug/2021:20:32:39 +0000] "GET /api/myProducts HTTP/1.1" 200 2231 "-" "PostmanRuntime/7.26.8"
::1 - - [25/Aug/2021:20:38:16 +0000] "POST /api/createClient HTTP/1.1" 200 21 "-" "PostmanRuntime/7.26.8"
::1 - - [25/Aug/2021:20:38:38 +0000] "POST /api/createVendeur HTTP/1.1" 200 21 "-" "PostmanRuntime/7.26.8"
::1 - - [25/Aug/2021:20:39:06 +0000] "POST /api/createVendeur HTTP/1.1" 200 21 "-" "PostmanRuntime/7.26.8"
::1 - - [25/Aug/2021:20:39:37 +0000] "POST /api/createVendeur HTTP/1.1" 200 14 "-" "PostmanRuntime/7.26.8"
::1 - - [25/Aug/2021:20:41:32 +0000] "POST /api/validVendeur HTTP/1.1" 201 41 "-" "PostmanRuntime/7.26.8"
::1 - - [25/Aug/2021:20:47:23 +0000] "PUT /api/freePack HTTP/1.1" 200 28 "-" "PostmanRuntime/7.26.8"
::1 - - [25/Aug/2021:20:48:03 +0000] "POST /api/addProduct HTTP/1.1" 201 30 "-" "PostmanRuntime/7.26.8"
::1 - - [25/Aug/2021:20:48:14 +0000] "GET /api/myProducts HTTP/1.1" 200 2962 "-" "PostmanRuntime/7.26.8"
::1 - - [25/Aug/2021:20:49:11 +0000] "GET /api/myProducts HTTP/1.1" 200 2962 "-" "PostmanRuntime/7.26.8"
::1 - - [25/Aug/2021:20:49:22 +0000] "GET /api/myProducts HTTP/1.1" 200 2962 "-" "PostmanRuntime/7.26.8"
::1 - - [25/Aug/2021:20:50:40 +0000] "GET /api/myProducts HTTP/1.1" 400 13 "-" "PostmanRuntime/7.26.8"
::1 - - [25/Aug/2021:20:51:20 +0000] "GET /api/myProducts HTTP/1.1" 400 13 "-" "PostmanRuntime/7.26.8"
::1 - - [25/Aug/2021:21:04:29 +0000] "GET /api/myProducts HTTP/1.1" 400 13 "-" "PostmanRuntime/7.26.8"
::1 - - [25/Aug/2021:21:05:08 +0000] "GET /api/myProducts HTTP/1.1" 200 2962 "-" "PostmanRuntime/7.26.8"
::1 - - [25/Aug/2021:21:06:13 +0000] "GET /api/myProducts HTTP/1.1" 200 4 "-" "PostmanRuntime/7.26.8"
::1 - - [25/Aug/2021:21:06:56 +0000] "GET /api/myProducts HTTP/1.1" 200 4 "-" "PostmanRuntime/7.26.8"
::1 - - [25/Aug/2021:21:07:08 +0000] "GET /api/myProducts HTTP/1.1" 200 4 "-" "PostmanRuntime/7.26.8"
::1 - - [25/Aug/2021:21:08:03 +0000] "GET /api/myProducts HTTP/1.1" 200 730 "-" "PostmanRuntime/7.26.8"
::1 - - [25/Aug/2021:21:08:17 +0000] "GET /api/myProducts HTTP/1.1" 200 730 "-" "PostmanRuntime/7.26.8"
::1 - - [25/Aug/2021:21:08:48 +0000] "GET /api/myProducts HTTP/1.1" 400 13 "-" "PostmanRuntime/7.26.8"
::1 - - [25/Aug/2021:21:09:00 +0000] "GET /api/myProducts HTTP/1.1" 200 2962 "-" "PostmanRuntime/7.26.8"
::1 - - [25/Aug/2021:21:09:54 +0000] "GET /api/myProducts HTTP/1.1" 200 2962 "-" "PostmanRuntime/7.26.8"
::1 - - [25/Aug/2021:21:25:04 +0000] "GET /api/myProducts HTTP/1.1" 400 13 "-" "PostmanRuntime/7.26.8"
::1 - - [25/Aug/2021:21:28:26 +0000] "GET /api/myProducts HTTP/1.1" 200 730 "-" "PostmanRuntime/7.26.8"
::1 - - [25/Aug/2021:21:28:40 +0000] "POST /api/login HTTP/1.1" 200 41 "-" "PostmanRuntime/7.26.8"
::1 - - [25/Aug/2021:21:28:47 +0000] "GET /api/myProducts HTTP/1.1" 200 745 "-" "PostmanRuntime/7.26.8"
::1 - - [25/Aug/2021:21:29:29 +0000] "GET /api/myProducts HTTP/1.1" 200 2231 "-" "PostmanRuntime/7.26.8"
::1 - - [26/Aug/2021:11:03:36 +0000] "POST /api/login HTTP/1.1" 200 41 "-" "PostmanRuntime/7.26.8"
::1 - - [26/Aug/2021:11:03:44 +0000] "POST /api/addProduct HTTP/1.1" 201 30 "-" "PostmanRuntime/7.26.8"
::1 - - [26/Aug/2021:11:03:56 +0000] "GET /api/myProducts HTTP/1.1" 200 2962 "-" "PostmanRuntime/7.26.8"
::1 - - [26/Aug/2021:11:09:17 +0000] "PUT /api/updateProduct/61262b86c69bc578d807034f HTTP/1.1" 201 28 "-" "PostmanRuntime/7.26.8"
::1 - - [26/Aug/2021:11:09:27 +0000] "GET /api/myProducts HTTP/1.1" 200 2962 "-" "PostmanRuntime/7.26.8"
::1 - - [26/Aug/2021:11:10:09 +0000] "PATCH /api/updateProduct/61262b86c69bc578d807034f HTTP/1.1" 201 28 "-" "PostmanRuntime/7.26.8"
::1 - - [26/Aug/2021:11:10:15 +0000] "GET /api/myProducts HTTP/1.1" 200 2962 "-" "PostmanRuntime/7.26.8"
::1 - - [26/Aug/2021:11:11:27 +0000] "PATCH /api/updateProduct/61262b86c69bc578d807034f HTTP/1.1" 200 41 "-" "PostmanRuntime/7.26.8"
::1 - - [26/Aug/2021:11:11:38 +0000] "GET /api/myProducts HTTP/1.1" 200 2962 "-" "PostmanRuntime/7.26.8"
::1 - - [26/Aug/2021:11:11:40 +0000] "GET /api/myProducts HTTP/1.1" 200 2962 "-" "PostmanRuntime/7.26.8"
::1 - - [26/Aug/2021:11:12:10 +0000] "PATCH /api/updateProduct/61262b86c69bc578d807034f HTTP/1.1" 200 41 "-" "PostmanRuntime/7.26.8"
::1 - - [26/Aug/2021:11:13:17 +0000] "PATCH /api/updateProduct/61262b86c69bc578d807034f HTTP/1.1" 200 41 "-" "PostmanRuntime/7.26.8"
::1 - - [26/Aug/2021:11:13:27 +0000] "GET /api/myProducts HTTP/1.1" 200 2962 "-" "PostmanRuntime/7.26.8"
::1 - - [26/Aug/2021:11:17:38 +0000] "PATCH /api/updateProduct/61262b86c69bc578d807034f HTTP/1.1" 200 41 "-" "PostmanRuntime/7.26.8"
::1 - - [26/Aug/2021:11:19:35 +0000] "PATCH /api/updateProduct/61262b86c69bc578d807034f HTTP/1.1" 200 41 "-" "PostmanRuntime/7.26.8"
::1 - - [26/Aug/2021:11:19:44 +0000] "PATCH /api/updateProduct/61262b86c69bc578d807034f HTTP/1.1" 200 41 "-" "PostmanRuntime/7.26.8"
::1 - - [26/Aug/2021:11:20:26 +0000] "PATCH /api/updateProduct/61262b86c69bc578d807034f HTTP/1.1" 200 41 "-" "PostmanRuntime/7.26.8"
::1 - - [26/Aug/2021:11:21:37 +0000] "PATCH /api/updateProduct/61262b86c69bc578d807034f HTTP/1.1" 200 41 "-" "PostmanRuntime/7.26.8"
::1 - - [26/Aug/2021:11:23:08 +0000] "PATCH /api/updateProduct/61262b86c69bc578d807034f HTTP/1.1" 200 41 "-" "PostmanRuntime/7.26.8"
::1 - - [26/Aug/2021:11:24:41 +0000] "PATCH /api/updateProduct/61262b86c69bc578d807034f HTTP/1.1" 200 41 "-" "PostmanRuntime/7.26.8"
::1 - - [26/Aug/2021:11:25:16 +0000] "PATCH /api/updateProduct/61262b86c69bc578d807034f HTTP/1.1" 200 41 "-" "PostmanRuntime/7.26.8"
::1 - - [26/Aug/2021:11:25:37 +0000] "PATCH /api/updateProduct/61262b86c69bc578d807034f HTTP/1.1" 200 41 "-" "PostmanRuntime/7.26.8"
::1 - - [26/Aug/2021:11:25:45 +0000] "PATCH /api/updateProduct/ HTTP/1.1" 200 41 "-" "PostmanRuntime/7.26.8"
::1 - - [26/Aug/2021:11:26:09 +0000] "PATCH /api/updateProduct/ HTTP/1.1" 200 41 "-" "PostmanRuntime/7.26.8"
::1 - - [26/Aug/2021:11:26:27 +0000] "PUT /api/updateProduct/ HTTP/1.1" 200 16 "-" "PostmanRuntime/7.26.8"
::1 - - [26/Aug/2021:11:27:01 +0000] "PUT /api/updateProduct/61262b86c69bc578d807034f HTTP/1.1" 200 33 "-" "PostmanRuntime/7.26.8"
::1 - - [26/Aug/2021:11:27:27 +0000] "PUT /api/updateProduct/61262b86c69bc578d807034f HTTP/1.1" 201 745 "-" "PostmanRuntime/7.26.8"
::1 - - [26/Aug/2021:11:27:46 +0000] "GET /api/myProducts HTTP/1.1" 200 2962 "-" "PostmanRuntime/7.26.8"
::1 - - [26/Aug/2021:11:28:45 +0000] "PUT /api/updateProduct/61262b86c69bc578d807034f HTTP/1.1" 201 745 "-" "PostmanRuntime/7.26.8"
::1 - - [26/Aug/2021:11:28:50 +0000] "GET /api/myProducts HTTP/1.1" 200 2962 "-" "PostmanRuntime/7.26.8"
::1 - - [26/Aug/2021:11:30:27 +0000] "PUT /api/updateProduct/61262b86c69bc578d807034f HTTP/1.1" 201 28 "-" "PostmanRuntime/7.26.8"
::1 - - [26/Aug/2021:11:30:36 +0000] "PUT /api/updateProduct/61262b86c69bc578d807034f HTTP/1.1" 201 28 "-" "PostmanRuntime/7.26.8"
::1 - - [26/Aug/2021:11:31:04 +0000] "PATCH /api/updateProduct/61262b86c69bc578d807034f HTTP/1.1" 201 28 "-" "PostmanRuntime/7.26.8"
::1 - - [26/Aug/2021:11:31:31 +0000] "PUT /api/updateProduct/61262b86c69bc578d807034f HTTP/1.1" 201 28 "-" "PostmanRuntime/7.26.8"
::1 - - [26/Aug/2021:11:33:51 +0000] "PUT /api/updateProduct/61262b86c69bc578d807034f HTTP/1.1" 201 28 "-" "PostmanRuntime/7.26.8"
::1 - - [26/Aug/2021:11:34:21 +0000] "PUT /api/updateProduct/61262b86c69bc578d807034f HTTP/1.1" 201 28 "-" "PostmanRuntime/7.26.8"
::1 - - [26/Aug/2021:11:36:22 +0000] "PUT /api/updateProduct/61262b86c69bc578d807034f HTTP/1.1" 201 745 "-" "PostmanRuntime/7.26.8"
::1 - - [26/Aug/2021:11:37:21 +0000] "PUT /api/updateProduct/61262b86c69bc578d807034f HTTP/1.1" 201 745 "-" "PostmanRuntime/7.26.8"
::1 - - [26/Aug/2021:11:37:43 +0000] "PUT /api/updateProduct/61262b86c69bc578d807034f HTTP/1.1" 201 745 "-" "PostmanRuntime/7.26.8"
::1 - - [26/Aug/2021:11:37:59 +0000] "PUT /api/updateProduct/61262b86c69bc578d807034f HTTP/1.1" 201 745 "-" "PostmanRuntime/7.26.8"
::1 - - [26/Aug/2021:11:41:36 +0000] "PUT /api/updateProduct/61262b86c69bc578d807034f HTTP/1.1" 201 28 "-" "PostmanRuntime/7.26.8"
::1 - - [26/Aug/2021:11:41:40 +0000] "PUT /api/updateProduct/61262b86c69bc578d807034f HTTP/1.1" 201 28 "-" "PostmanRuntime/7.26.8"
::1 - - [26/Aug/2021:11:54:06 +0000] "PUT /api/updateProduct/61262b86c69bc578d807034f HTTP/1.1" 201 28 "-" "PostmanRuntime/7.26.8"
::1 - - [26/Aug/2021:11:54:45 +0000] "PUT /api/updateProduct/61262b86c69bc578d807034f HTTP/1.1" 201 28 "-" "PostmanRuntime/7.26.8"
::1 - - [26/Aug/2021:11:56:41 +0000] "PUT /api/updateProduct/61262b86c69bc578d807034f HTTP/1.1" 201 28 "-" "PostmanRuntime/7.26.8"
::1 - - [26/Aug/2021:11:56:51 +0000] "PUT /api/updateProduct/61262b86c69bc578d807034f HTTP/1.1" 201 28 "-" "PostmanRuntime/7.26.8"
::1 - - [26/Aug/2021:11:57:39 +0000] "PUT /api/updateProduct/61262b86c69bc578d807034f HTTP/1.1" 201 28 "-" "PostmanRuntime/7.26.8"
::1 - - [26/Aug/2021:11:58:40 +0000] "PUT /api/updateProduct/61262b86c69bc578d807034f HTTP/1.1" 201 28 "-" "PostmanRuntime/7.26.8"
::1 - - [26/Aug/2021:11:58:54 +0000] "PUT /api/updateProduct/61262b86c69bc578d807034f HTTP/1.1" 201 28 "-" "PostmanRuntime/7.26.8"
::1 - - [26/Aug/2021:11:59:25 +0000] "PUT /api/updateProduct/61262b86c69bc578d807034f HTTP/1.1" 201 28 "-" "PostmanRuntime/7.26.8"
::1 - - [26/Aug/2021:12:02:55 +0000] "PUT /api/updateProduct/61262b86c69bc578d807034f HTTP/1.1" 201 745 "-" "PostmanRuntime/7.26.8"
::1 - - [26/Aug/2021:12:03:11 +0000] "GET /api/myProducts HTTP/1.1" 200 2962 "-" "PostmanRuntime/7.26.8"
::1 - - [26/Aug/2021:12:03:57 +0000] "PATCH /api/updateProduct/61262b86c69bc578d807034f HTTP/1.1" 201 745 "-" "PostmanRuntime/7.26.8"
::1 - - [26/Aug/2021:12:04:11 +0000] "GET /api/myProducts HTTP/1.1" 200 2962 "-" "PostmanRuntime/7.26.8"
::1 - - [26/Aug/2021:12:04:24 +0000] "PATCH /api/updateProduct/61262b86c69bc578d807034f HTTP/1.1" 201 745 "-" "PostmanRuntime/7.26.8"
::1 - - [26/Aug/2021:12:10:54 +0000] "PUT /api/updateProduct/61262b86c69bc578d807034f HTTP/1.1" 201 745 "-" "PostmanRuntime/7.26.8"
::1 - - [26/Aug/2021:12:12:05 +0000] "PUT /api/updateProduct/61262b86c69bc578d807034f HTTP/1.1" 201 745 "-" "PostmanRuntime/7.26.8"
::1 - - [26/Aug/2021:12:12:33 +0000] "PUT /api/updateProduct/6126a8aa42483046a0392c52 HTTP/1.1" 201 741 "-" "PostmanRuntime/7.26.8"
::1 - - [26/Aug/2021:12:12:56 +0000] "PUT /api/updateProduct/6126a8aa42483046a0392c52 HTTP/1.1" 201 741 "-" "PostmanRuntime/7.26.8"
::1 - - [26/Aug/2021:12:14:45 +0000] "PUT /api/updateProduct/6126a8aa42483046a0392c52 HTTP/1.1" - - "-" "PostmanRuntime/7.26.8"
::1 - - [26/Aug/2021:12:20:22 +0000] "PUT /api/updateProduct/6126a8aa42483046a0392c52 HTTP/1.1" 200 - "-" "PostmanRuntime/7.26.8"
::1 - - [26/Aug/2021:12:21:14 +0000] "PUT /api/updateProduct/6126a8aa42483046a0392c52 HTTP/1.1" 200 2 "-" "PostmanRuntime/7.26.8"
::1 - - [26/Aug/2021:12:23:18 +0000] "PUT /api/updateProduct/6126a8aa42483046a0392c52 HTTP/1.1" 200 108 "-" "PostmanRuntime/7.26.8"
::1 - - [26/Aug/2021:12:24:05 +0000] "PUT /api/updateProduct/6126a8aa42483046a0392c52 HTTP/1.1" 201 741 "-" "PostmanRuntime/7.26.8"
::1 - - [26/Aug/2021:12:24:14 +0000] "GET /api/myProducts HTTP/1.1" 200 2896 "-" "PostmanRuntime/7.26.8"
::1 - - [26/Aug/2021:20:12:16 +0000] "POST /api/createCategory HTTP/1.1" 400 37 "-" "PostmanRuntime/7.26.8"
::1 - - [26/Aug/2021:20:12:31 +0000] "POST /api/login HTTP/1.1" 200 40 "-" "PostmanRuntime/7.26.8"
::1 - - [26/Aug/2021:20:12:42 +0000] "POST /api/login HTTP/1.1" 200 39 "-" "PostmanRuntime/7.26.8"
::1 - - [26/Aug/2021:20:12:47 +0000] "POST /api/createCategory HTTP/1.1" 201 90 "-" "PostmanRuntime/7.26.8"
::1 - - [26/Aug/2021:20:13:22 +0000] "GET /api/getCategory HTTP/1.1" 200 92 "-" "PostmanRuntime/7.26.8"
::1 - - [26/Aug/2021:20:14:19 +0000] "POST /api/createCategory HTTP/1.1" 201 108 "-" "PostmanRuntime/7.26.8"
::1 - - [26/Aug/2021:20:14:52 +0000] "POST /api/createCategory HTTP/1.1" 201 98 "-" "PostmanRuntime/7.26.8"
::1 - - [26/Aug/2021:20:15:42 +0000] "POST /api/createCategory HTTP/1.1" 201 96 "-" "PostmanRuntime/7.26.8"
::1 - - [26/Aug/2021:20:16:20 +0000] "POST /api/createCategory HTTP/1.1" 201 109 "-" "PostmanRuntime/7.26.8"
::1 - - [26/Aug/2021:20:16:55 +0000] "POST /api/createCategory HTTP/1.1" 201 95 "-" "PostmanRuntime/7.26.8"
::1 - - [26/Aug/2021:20:17:26 +0000] "POST /api/createCategory HTTP/1.1" 201 101 "-" "PostmanRuntime/7.26.8"
